<?xml version="1.0" encoding="UTF-8"?>
<!-- Generated by org.testng.reporters.JUnitReportReporter -->
<testsuite hostname="sai" failures="0" tests="3" name="com.sai.restAssured.Tests.DataDrivenTesting.DataDrivenTestingUsingCsvFile" time="6.302" errors="0" timestamp="2025-03-21T13:21:09 IST" skipped="0">
  <testcase classname="com.sai.restAssured.Tests.DataDrivenTesting.DataDrivenTestingUsingCsvFile" name="dataDrivenTestingUsingCsvFile" time="3.743"/>
  <testcase classname="com.sai.restAssured.Tests.DataDrivenTesting.DataDrivenTestingUsingCsvFile" name="dataDrivenTestingUsingCsvFile" time="1.284"/>
  <testcase classname="com.sai.restAssured.Tests.DataDrivenTesting.DataDrivenTestingUsingCsvFile" name="dataDrivenTestingUsingCsvFile" time="1.275"/>
</testsuite> <!-- com.sai.restAssured.Tests.DataDrivenTesting.DataDrivenTestingUsingCsvFile -->
