<?xml version="1.0" encoding="UTF-8"?>
<!-- Generated by org.testng.reporters.JUnitReportReporter -->
<testsuite hostname="sai" failures="0" tests="3" name="com.sai.restAssured.Tests.DataDrivenTesting.DataDrivenTestingUsingCsvFile" time="5.659" errors="0" timestamp="2025-03-21T10:29:06 IST" skipped="0">
  <testcase classname="com.sai.restAssured.Tests.DataDrivenTesting.DataDrivenTestingUsingCsvFile" name="dataDrivenTestingUsingCsvFile" time="1.215"/>
  <testcase classname="com.sai.restAssured.Tests.DataDrivenTesting.DataDrivenTestingUsingCsvFile" name="dataDrivenTestingUsingCsvFile" time="3.192"/>
  <testcase classname="com.sai.restAssured.Tests.DataDrivenTesting.DataDrivenTestingUsingCsvFile" name="dataDrivenTestingUsingCsvFile" time="1.252"/>
</testsuite> <!-- com.sai.restAssured.Tests.DataDrivenTesting.DataDrivenTestingUsingCsvFile -->
