<?xml version="1.0" encoding="UTF-8"?>
<!-- Generated by org.testng.reporters.JUnitReportReporter -->
<testsuite hostname="sai" failures="0" tests="1" name="com.sai.restAssured.Tests.GetAPIRequest" time="3.179" errors="0" timestamp="2025-03-20T08:06:38 IST" skipped="0">
  <testcase classname="com.sai.restAssured.Tests.GetAPIRequest" name="getAllBookings" time="3.179"/>
</testsuite> <!-- com.sai.restAssured.Tests.GetAPIRequest -->
