<?xml version="1.0" encoding="UTF-8"?>
<!-- Generated by org.testng.reporters.JUnitReportReporter -->
<testsuite hostname="sai" failures="0" tests="1" name="com.sai.restAssured.Tests.PatchandPUTandDELETEAPIRequestUsingPOJO" time="9.613" errors="0" timestamp="2025-03-19T22:41:32 IST" skipped="0">
  <testcase classname="com.sai.restAssured.Tests.PatchandPUTandDELETEAPIRequestUsingPOJO" name="postAPIRequest" time="9.613"/>
</testsuite> <!-- com.sai.restAssured.Tests.PatchandPUTandDELETEAPIRequestUsingPOJO -->
