<?xml version="1.0" encoding="UTF-8"?>
<!-- Generated by org.testng.reporters.JUnitReportReporter -->
<testsuite hostname="sai" failures="0" tests="4" name="com.sai.restAssured.Tests.AllureReport.AllureReportGeneration" time="7.697" errors="0" timestamp="2025-03-20T14:53:29 IST" skipped="0">
  <testcase classname="com.sai.restAssured.Tests.AllureReport.AllureReportGeneration" name="postAPIRequest" time="2.712"/>
  <testcase classname="com.sai.restAssured.Tests.AllureReport.AllureReportGeneration" name="putAPIRequest" time="2.515"/>
  <testcase classname="com.sai.restAssured.Tests.AllureReport.AllureReportGeneration" name="patchAPIRequest" time="1.220"/>
  <testcase classname="com.sai.restAssured.Tests.AllureReport.AllureReportGeneration" name="deleteAPIRequest" time="1.250"/>
</testsuite> <!-- com.sai.restAssured.Tests.AllureReport.AllureReportGeneration -->
