<?xml version="1.0" encoding="UTF-8"?>
<!-- Generated by org.testng.reporters.JUnitReportReporter -->
<testsuite hostname="sai" failures="0" tests="1" name="com.sai.restAssured.Tests.PatchandPUTAPIRequestUsingPOJO" time="8.842" errors="0" timestamp="2025-03-19T21:35:25 IST" skipped="0">
  <testcase classname="com.sai.restAssured.Tests.PatchandPUTAPIRequestUsingPOJO" name="postAPIRequest" time="8.842"/>
</testsuite> <!-- com.sai.restAssured.Tests.PatchandPUTAPIRequestUsingPOJO -->
