<?xml version="1.0" encoding="UTF-8"?>
<!-- Generated by org.testng.reporters.JUnitReportReporter -->
<testsuite hostname="sai" failures="0" tests="3" name="com.sai.restAssured.Tests.DataDrivenTesting.DataDrivenTestingUsingJsonFile" time="6.514" errors="0" timestamp="2025-03-20T20:29:26 IST" skipped="0">
  <testcase classname="com.sai.restAssured.Tests.DataDrivenTesting.DataDrivenTestingUsingJsonFile" name="DataDrivenTestingUsingJson" time="3.985"/>
  <testcase classname="com.sai.restAssured.Tests.DataDrivenTesting.DataDrivenTestingUsingJsonFile" name="DataDrivenTestingUsingJson" time="1.272"/>
  <testcase classname="com.sai.restAssured.Tests.DataDrivenTesting.DataDrivenTestingUsingJsonFile" name="DataDrivenTestingUsingJson" time="1.257"/>
</testsuite> <!-- com.sai.restAssured.Tests.DataDrivenTesting.DataDrivenTestingUsingJsonFile -->
