<?xml version="1.0" encoding="UTF-8"?>
<!-- Generated by org.testng.reporters.JUnitReportReporter -->
<testsuite hostname="sai" failures="0" tests="1" name="com.sai.restAssured.Tests.PostAPIRequest" time="5.005" errors="0" timestamp="2025-03-20T18:08:25 IST" skipped="0">
  <testcase classname="com.sai.restAssured.Tests.PostAPIRequest" name="createBooking" time="5.005"/>
</testsuite> <!-- com.sai.restAssured.Tests.PostAPIRequest -->
