<?xml version="1.0" encoding="UTF-8"?>
<!-- Generated by org.testng.reporters.JUnitReportReporter -->
<testsuite hostname="sai" failures="0" tests="1" name="com.sai.restAssured.Tests.PracticeComplexJsonPath" time="0.078" errors="0" timestamp="2025-03-20T08:06:38 IST" skipped="0">
  <testcase classname="com.sai.restAssured.Tests.PracticeComplexJsonPath" name="parsingComplexJson" time="0.078"/>
</testsuite> <!-- com.sai.restAssured.Tests.PracticeComplexJsonPath -->
