<?xml version="1.0" encoding="UTF-8"?>
<!-- Generated by org.testng.reporters.JUnitReportReporter -->
<testsuite hostname="sai" failures="0" tests="1" name="com.sai.restAssured.Tests.PostAPIRequestUsingFile" time="2.475" errors="0" timestamp="2025-03-20T08:06:38 IST" skipped="0">
  <testcase classname="com.sai.restAssured.Tests.PostAPIRequestUsingFile" name="postAPIRequest" time="2.475"/>
</testsuite> <!-- com.sai.restAssured.Tests.PostAPIRequestUsingFile -->
